<?xml version="1.0" encoding="UTF-8"?>
<!-- Generated by org.testng.reporters.JUnitReportReporter -->
<testsuite hostname="LAPTOP-O1BQS2TP" failures="0" tests="3" name="Files.Dynammicjson" time="1.631" errors="0" timestamp="28 Apr 2023 19:46:21 GMT">
  <testcase classname="Files.Dynammicjson" name="Addbook" time="0.125"/>
  <testcase classname="Files.Dynammicjson" name="Addbook" time="1.397"/>
  <testcase classname="Files.Dynammicjson" name="Addbook" time="0.109"/>
</testsuite> <!-- Files.Dynammicjson -->
